
ROM used: 89 (1%)
          89 (1%) including unused fragments

          0 Average locations per line
          6 Average locations per statement

RAM used: 8 (2%) at main() level
          9 (2%) worst case

Stack used: 1 worst case (out of 8 total available)

Lines Stmts  %   Files
----- ----- ---  -----
   41    15 100  main.c
   17     0   0  main.h
  326     0   0  C:\Program Files (x86)\PICC\devices\16F877A.h
----- -----
  384    15 Total

Page ROM  %  RAM   Vol Diff  Functions:
---- --- --- ---   --- ----  ----------
0     20  22   1             @delay_ms1
0     65  73   1   409  4.7  main

Program metrics:
    Functions               1
    Statements              15
    Comments                107
    Volume (V)              412
    Difficilty (D)          4.6
    Effort to implement (E) 1883
    Time to implement (T)   2 minutes
    Est Delivered Bugs (B)  0
    Cyclomatic Complexity   2
    Maintainability (MI)    80

 Segment     Used  Free
-----------  ----  ----
00000-00003     4  0  
00004-007FF    85  1959  
00800-00FFF     0  2048  
01000-017FF     0  2048  
01800-01FFF     0  2048  



