
ROM used: 65 (1%)
          65 (1%) including unused fragments

          0 Average locations per line
          6 Average locations per statement

RAM used: 5 (1%) at main() level
          6 (2%) worst case

Stack used: 1 worst case (out of 8 total available)

Lines Stmts  %   Files
----- ----- ---  -----
   32    10 100  main.c
   17     0   0  main.h
  326     0   0  C:\Program Files (x86)\PICC\devices\16F877A.h
----- -----
  375    10 Total

Page ROM  %  RAM   Vol Diff  Functions:
---- --- --- ---   --- ----  ----------
0     20  31   1             @delay_ms1
0     41  63   0   172  1.8  main

Program metrics:
    Functions               1
    Statements              10
    Comments                104
    Volume (V)              174
    Difficilty (D)          1.7
    Effort to implement (E) 296
    Time to implement (T)   0 minutes
    Est Delivered Bugs (B)  0
    Cyclomatic Complexity   1
    Maintainability (MI)    102

 Segment     Used  Free
-----------  ----  ----
00000-00003     4  0  
00004-007FF    61  1983  
00800-00FFF     0  2048  
01000-017FF     0  2048  
01800-01FFF     0  2048  



